[dennissnellenberg.com/index.html]
[backblue.gif]
[fade.gif]
[index.html]
[dennissnellenberg.com/media/pages/work/future-goals/3eafae1c56-1653057688/thumbnail-futuregoals-810x810-crop-q72.jpg]
[dennissnellenberg.com/media/pages/work/chainn/3b2965a4d4-1646837292/thumbnail-chainn-810x810-crop-q72.jpg]
[dennissnellenberg.com/media/pages/work/atypikal/772a7bc7f2-1646837277/thumbnail-atypikal-810x810-crop-q72.jpg]
[dennissnellenberg.com/media/pages/work/micdrop-agency/f49041aa3c-1646837247/thumbnail-micdrop-810x810-crop-q72.jpg]
[dennissnellenberg.com/work.html]
[dennissnellenberg.com/about.html]
[dennissnellenberg.com/contact.html]
[dennissnellenberg.com/assets/img/DSC07033.jpg]
[dennissnellenberg.com/work/future-goals.html]
[dennissnellenberg.com/work/chainn.html]
[dennissnellenberg.com/work/atypikal.html]
[dennissnellenberg.com/work/micdrop-agency.html]
[dennissnellenberg.com/media/pages/work/future-goals/3eafae1c56-1653057688/thumbnail-futuregoals.jpg]
[dennissnellenberg.com/media/pages/work/chainn/3b2965a4d4-1646837292/thumbnail-chainn.jpg]
[dennissnellenberg.com/media/pages/work/atypikal/772a7bc7f2-1646837277/thumbnail-atypikal.jpg]
[dennissnellenberg.com/media/pages/work/micdrop-agency/f49041aa3c-1646837247/thumbnail-micdrop.jpg]
[dennissnellenberg.com/assets/img/home-item-1.jpg]
[dennissnellenberg.com/assets/img/home-item-2.mp4]
[dennissnellenberg.com/assets/img/home-item-3.jpg]
[dennissnellenberg.com/assets/img/home-item-4.mp4]
[dennissnellenberg.com/assets/img/home-item-5.mp4]
[dennissnellenberg.com/assets/img/home-item-6.jpg]
[dennissnellenberg.com/assets/img/home-item-7.mp4]
[dennissnellenberg.com/assets/img/home-item-8.jpg]
[code.jquery.com/jquery-3.5.1.min.js]
[cdnjs.cloudflare.com/ajax/libs/js-cookie/2.2.0/js.cookie.min.js]
[cdnjs.cloudflare.com/ajax/libs/gsap/3.9.1/gsap.min.js]
[cdnjs.cloudflare.com/ajax/libs/gsap/3.9.1/ScrollTrigger.min.js]
[cdn.jsdelivr.net/npm/vanilla-lazyload@17.6.1/dist/lazyload.min.js]
[dennissnellenberg.com/assets/js/locomotive-scroll.min.js]
[dennissnellenberg.com/assets/js/index-new.js]
[dennissnellenberg.com/index.html]
[dennissnellenberg.com/assets/css/normalize.css]
[dennissnellenberg.com/assets/css/locomotive-scroll.css]
[dennissnellenberg.com/assets/fonts/NeueMontreal-Light.otf]
[dennissnellenberg.com/assets/fonts/NeueMontreal-LightItalic.otf]
[dennissnellenberg.com/assets/fonts/NeueMontreal-Regular.otf]
[dennissnellenberg.com/assets/fonts/NeueMontreal-Italic.otf]
[dennissnellenberg.com/assets/fonts/NeueMontreal-Bold.otf]
[dennissnellenberg.com/assets/fonts/NeueMontreal-BoldItalic.otf]
[dennissnellenberg.com/assets/css/styleguide.css]
[dennissnellenberg.com/assets/img/DSC07033-Cut-Color-1080.jpg]
[dennissnellenberg.com/assets/css/components.css]
[dennissnellenberg.com/assets/img/DSC07312-2.jpg]
[dennissnellenberg.com/assets/img/DSC07292.jpg]
[dennissnellenberg.com/assets/img/DSC07079.jpg]
[dennissnellenberg.com/assets/css/style-new.css]
[dennissnellenberg.com/media/pages/work/tapsody/693cddafe2-1646837238/thumbnail-tapsody-v5-810x810-crop-q72.jpg]
[dennissnellenberg.com/media/pages/work/emble-studio/cb063dfbe5-1646837261/thumbnail-emble-yellow-810x810-crop-q72.jpg]
[dennissnellenberg.com/media/pages/work/one-nil/4906e66370-1646837272/thumbnail-onenil-v3-810x810-crop-q72.jpg]
[dennissnellenberg.com/media/pages/work/andy-hardy/592a7aa938-1646837253/thumbnail-andyhardy-810x810-crop-q72.jpg]
[dennissnellenberg.com/media/pages/work/sunlight/bb0e08d2c5-1646837283/thumbnail-sunlight-v3-810x810-crop-q72.jpg]
[dennissnellenberg.com/work/tapsody.html]
[dennissnellenberg.com/work/emble-studio.html]
[dennissnellenberg.com/work/one-nil.html]
[dennissnellenberg.com/work/andy-hardy.html]
[dennissnellenberg.com/work/sunlight.html]
[dennissnellenberg.com/media/pages/work/tapsody/693cddafe2-1646837238/thumbnail-tapsody-v5.jpg]
[dennissnellenberg.com/media/pages/work/emble-studio/cb063dfbe5-1646837261/thumbnail-emble-yellow.jpg]
[dennissnellenberg.com/media/pages/work/one-nil/4906e66370-1646837272/thumbnail-onenil-v3.jpg]
[dennissnellenberg.com/media/pages/work/andy-hardy/592a7aa938-1646837253/thumbnail-andyhardy.jpg]
[dennissnellenberg.com/media/pages/work/sunlight/bb0e08d2c5-1646837283/thumbnail-sunlight-v3.jpg]
[dennissnellenberg.com/archive.html]
[dennissnellenberg.com/work.html]
[dennissnellenberg.com/about.html]
[dennissnellenberg.com/contact.html]
[dennissnellenberg.com/media/pages/work/future-goals/e2bf8bfccd-1653053706/futuregoals-case-header-540x.jpg]
[dennissnellenberg.com/media/pages/work/future-goals/3ccf2062ad-1653054674/future-goals-screen.mp4]
[dennissnellenberg.com/assets/img/device-ipad-pro-lower.png]
[dennissnellenberg.com/media/pages/work/future-goals/6d80056864-1653055060/full-size-1-540x.jpg]
[dennissnellenberg.com/media/pages/work/future-goals/595d4388d8-1653055451/screen-rec-mob.mp4]
[dennissnellenberg.com/assets/img/device-iphone13-nonotch.png]
[dennissnellenberg.com/media/pages/work/future-goals/5260fdc227-1653055387/futuregoals-screen-2-540x.jpg]
[dennissnellenberg.com/media/pages/work/future-goals/a9accd8a75-1653055393/futuregoals-screen-3-540x.jpg]
[dennissnellenberg.com/media/pages/work/future-goals/aed7573983-1653056956/high_headerfuturegoals-1.mp4]
[dennissnellenberg.com/media/pages/work/future-goals/3587308d51-1653055959/photo-gallery-big-540x.jpg]
[dennissnellenberg.com/work/future-goals.html]
[dennissnellenberg.com/media/pages/work/chainn/edb16c7f73-1646837291/chainn-case-header-540x.jpg]
[dennissnellenberg.com/media/pages/work/chainn/885966e24f-1646837290/chainn-screen-load.mp4]
[dennissnellenberg.com/assets/img/device-macpro-higher.png]
[dennissnellenberg.com/media/pages/work/chainn/80715ada9f-1646837295/chainnmobile-1-540x.jpg]
[dennissnellenberg.com/media/pages/work/chainn/92fbffbd2b-1646837295/chainnmobile-2-540x.jpg]
[dennissnellenberg.com/media/pages/work/chainn/21d13e6ad4-1646837295/chainn-screen-mobile-nav.mp4]
[dennissnellenberg.com/media/pages/work/chainn/18ebf28452-1646837291/lechugas-web-5-540x.jpg]
[dennissnellenberg.com/media/pages/work/chainn/0159a549c7-1646837289/chainn-screen-scroll.mp4]
[dennissnellenberg.com/media/pages/work/chainn/99e1696ad1-1646837293/chainn-screen-jobs.mp4]
[dennissnellenberg.com/work/chainn.html]
[dennissnellenberg.com/media/pages/work/atypikal/7c8f274642-1646837280/atypikal-case-header-540x.jpg]
[dennissnellenberg.com/media/pages/work/atypikal/caac966e84-1646837282/atypikal-screen-scroll.mp4]
[dennissnellenberg.com/media/pages/work/atypikal/0032fabf58-1646837279/atypikal-screen-mobile-load.mp4]
[dennissnellenberg.com/media/pages/work/atypikal/6f348d8216-1646837279/atypikal-mobile-2-540x.jpg]
[dennissnellenberg.com/media/pages/work/atypikal/d4419ed78e-1646837277/atypikal-mobile-footer.mp4]
[dennissnellenberg.com/media/pages/work/atypikal/3463f000c2-1646837280/atypikal-screen-footer.mp4]
[dennissnellenberg.com/assets/img/device-apple-pencil.png]
[dennissnellenberg.com/work/atypikal.html]
[dennissnellenberg.com/media/pages/work/micdrop-agency/c0412808f6-1646837246/micdrop-case-header-540x.jpg]
[dennissnellenberg.com/media/pages/work/micdrop-agency/d0a745d5c6-1646837246/micdrop-screen-load.mp4]
[dennissnellenberg.com/media/pages/work/micdrop-agency/940fd571cb-1646837244/micdrop-screen-home.mp4]
[dennissnellenberg.com/media/pages/work/micdrop-agency/f49776059e-1646837247/micdrop-010-540x.jpg]
[dennissnellenberg.com/media/pages/work/micdrop-agency/85b816d43d-1646837245/micdrop-mobile-1-540x.jpg]
[dennissnellenberg.com/media/pages/work/micdrop-agency/f5f567557e-1646837244/micdrop-mobile-2-540x.jpg]
[dennissnellenberg.com/media/pages/work/micdrop-agency/3e6e604396-1646837244/micdrop-mobile-3-540x.jpg]
[dennissnellenberg.com/media/pages/work/micdrop-agency/3a25deceb1-1646837245/micdrop-screen-nav.mp4]
[dennissnellenberg.com/work/micdrop-agency.html]
[dennissnellenberg.com/assets/img/form-checkmark.svg]
[dennissnellenberg.com/assets/img/dotted.svg]
[dennissnellenberg.com/media/pages/work/tapsody/5548761366-1646837239/richie-lugo-usc6z5ajevm-unsplash-edit-540x.jpg]
[dennissnellenberg.com/media/pages/work/tapsody/9465682962-1646837237/venue-marketplace-no-scroll-540x.jpg]
[dennissnellenberg.com/assets/img/device-iphone13.png]
[dennissnellenberg.com/media/pages/work/tapsody/6ed1dc66b0-1646837235/venue-inbox-delete-message-540x.jpg]
[dennissnellenberg.com/media/pages/work/tapsody/18ccc8db5f-1646837240/venue-bookings-calendar-540x.jpg]
[dennissnellenberg.com/media/pages/work/tapsody/29859cba57-1646837242/tapsody-bg-video.mp4]
[dennissnellenberg.com/media/pages/work/tapsody/9320c7ee9c-1646837238/tapsody-screen-home.mp4]
[dennissnellenberg.com/assets/img/device-mbp-16-lower.png]
[dennissnellenberg.com/media/pages/work/tapsody/1855370d34-1646837233/tapsody-screen-scroll.mp4]
[dennissnellenberg.com/media/pages/work/tapsody/8def90efe9-1646837241/tapsody-screen-book.mp4]
[dennissnellenberg.com/media/pages/work/tapsody/24a7dd319f-1646837237/tapsody-010-color-540x.jpg]
[dennissnellenberg.com/media/pages/work/tapsody/c5359eae84-1646837236/tapsody-social-instagram-540x.jpg]
[dennissnellenberg.com/work/tapsody.html]
[dennissnellenberg.com/media/pages/work/emble-studio/d2bc214e8a-1646837257/karuna-emily-14-1500-540x.jpg]
[dennissnellenberg.com/media/pages/work/emble-studio/488b9aa68f-1646837259/emble-screen-load.mp4]
[dennissnellenberg.com/media/pages/work/emble-studio/bea032c58a-1646837261/scott-x-dean-lucas-by-riley-matthews-24-mini-540x.jpg]
[dennissnellenberg.com/media/pages/work/emble-studio/9ab36270ea-1646837262/emble-screen-case.mp4]
[dennissnellenberg.com/media/pages/work/emble-studio/bf23992150-1646837264/emble-screen-graphic.mp4]
[dennissnellenberg.com/media/pages/work/emble-studio/6bf07087ad-1646837262/emble-falls-creek-summer-36-540x.jpg]
[dennissnellenberg.com/media/pages/work/emble-studio/6b26906568-1646837260/emble-screen-team.mp4]
[dennissnellenberg.com/work/emble-studio.html]
[dennissnellenberg.com/media/pages/work/one-nil/90d51a9fad-1646837269/image-case-onenil-v2-540x.jpg]
[dennissnellenberg.com/media/pages/work/one-nil/91cf0e3188-1646837267/onenil-screen-load.mp4]
[dennissnellenberg.com/media/pages/work/one-nil/3ea6a2b7dd-1646837271/onenil-screen-mobile-cases.mp4]
[dennissnellenberg.com/media/pages/work/one-nil/904756a5d6-1646837270/onenil-screen-archive-540x.jpg]
[dennissnellenberg.com/media/pages/work/one-nil/b3738791e6-1646837276/onenil-screen-mobile-contact.mp4]
[dennissnellenberg.com/media/pages/work/one-nil/e2b9171dd0-1646837266/onenil-laptop-540x.jpg]
[dennissnellenberg.com/media/pages/work/one-nil/c07b4e23c4-1646837270/parallax-archive-540x.jpg]
[dennissnellenberg.com/media/pages/work/one-nil/3d6d72dfab-1646837270/onenil-screen-nav.mp4]
[dennissnellenberg.com/work/one-nil.html]
[dennissnellenberg.com/media/pages/work/andy-hardy/13d0a4db18-1646837251/image-case-andy-540x.png]
[dennissnellenberg.com/media/pages/work/andy-hardy/694329afc0-1646837250/landscape-background-small-540x.jpg]
[dennissnellenberg.com/media/pages/work/andy-hardy/4eb03e28b0-1646837250/landscape-andy-540x.png]
[dennissnellenberg.com/media/pages/work/andy-hardy/1b4c4d69e9-1646837252/andrew-top-540x.png]
[dennissnellenberg.com/media/pages/work/andy-hardy/02c9a1f09f-1646837253/andy-portfolio.mp4]
[dennissnellenberg.com/media/pages/work/andy-hardy/7594aa7d0e-1646837255/andy-hardy-people-accomodation-photographer-filmmaker-australia-16-2160x2160-540x.jpg]
[dennissnellenberg.com/media/pages/work/andy-hardy/f57c73a425-1646837253/andy-mobile-1-540x.jpg]
[dennissnellenberg.com/media/pages/work/andy-hardy/48e63ebd21-1646837251/andy-mobile-3-540x.jpg]
[dennissnellenberg.com/media/pages/work/andy-hardy/8b53e6f2df-1646837254/andy-mobile-4-540x.jpg]
[dennissnellenberg.com/media/pages/work/andy-hardy/3b8fd132a6-1646837256/andy-screen-personal-540x.jpg]
[dennissnellenberg.com/media/pages/work/andy-hardy/a91ad6bac7-1646837254/andy-screen-interaction.mp4]
[dennissnellenberg.com/work/andy-hardy.html]
[dennissnellenberg.com/media/pages/work/sunlight/ec0e44b1f0-1646837284/sunlight-screen-home-scroll.mp4]
[dennissnellenberg.com/assets/img/device-mbp-15.png]
[dennissnellenberg.com/media/pages/work/sunlight/89febae71d-1646837287/sunlight-mobile-4-540x.jpg]
[dennissnellenberg.com/media/pages/work/sunlight/bb5bd4055f-1646837286/sunlight-mobile-1-540x.jpg]
[dennissnellenberg.com/media/pages/work/sunlight/a5d7d3e2fa-1646837286/sunlight-mobile-2-540x.jpg]
[dennissnellenberg.com/media/pages/work/sunlight/95625d5ba4-1646837288/sunlight-fullwidth-data-short.mp4]
[dennissnellenberg.com/media/pages/work/sunlight/4324614295-1646837286/sunlight-screen-pricing-540x.jpg]
[dennissnellenberg.com/media/pages/work/sunlight/f6ce255686-1646837285/sunlight-screen-diagram.mp4]
[dennissnellenberg.com/work/sunlight.html]
[dennissnellenberg.com/archive.html]
[dennissnellenberg.com/media/pages/work/one-nil/11ab109383-1646837265/onenil-nav-bar.svg]
[dennissnellenberg.com/media/pages/work/sunlight/61f8beac18-1646837287/sunlight-case-header.svg]
[dennissnellenberg.com/media/pages/work/future-goals/595d4388d8-1653055451/screen-rec-mob.mp4]
[dennissnellenberg.com/media/pages/work/future-goals/595d4388d8-1653055451/screen-rec-mob.mp4]
